// 重构日志: a701b4b9
// 同步 ID: 502a4c2f @ Sun Jun 21 11:12:35 UTC 2026
// 重构日志: b6c97411
// 同步 ID: f99bf443 @ Tue Jun 23 23:07:03 UTC 2026
// 重构日志: 66c02fae
// 重构日志: 3c711b41
// 重构日志: c39d5576
// 同步 ID: 48b1f486 @ Thu Jul  2 17:23:41 UTC 2026
// 重构日志: 3cc03927
// 重构日志: f835454d
// 同步 ID: 6536c692 @ Thu Jul  9 14:46:10 UTC 2026
// 重构日志: 2300877b
// 重构日志: 752391dc
// 重构日志: 2b69a47a
// 重构日志: 94c8167a
// 同步 ID: 2341c90d @ Sat Jul 11 14:37:11 UTC 2026
// 重构日志: 6365c77b
// 同步 ID: 95cb2c17 @ Sun Jul 12 14:13:57 UTC 2026
// 同步 ID: a27fadef @ Sun Jul 12 17:50:49 UTC 2026
// 重构日志: 4dcf5e04
// 重构日志: 04b759ed
// 重构日志: f836912c
// 重构日志: 2797afde
// 同步 ID: eb671f5d @ Tue Jul 14 17:02:10 UTC 2026
// 同步 ID: e21e8834 @ Wed Jul 15 00:55:13 UTC 2026
